[11:36:18] [ServerMain/INFO]: [bootstrap] Running Java 21 (OpenJDK 64-Bit Server VM 21.0.6+7-Ubuntu-120.04.1; Ubuntu null) on Linux 6.8.0-1021-azure (amd64)
[11:36:18] [ServerMain/INFO]: [bootstrap] Loading Paper 1.21-130-master@b1b5d4c (2024-08-10T10:02:42Z) for Minecraft 1.21
[11:36:18] [ServerMain/INFO]: [PluginInitializerManager] Initializing plugins...
[11:36:19] [ServerMain/INFO]: [PluginInitializerManager] Initialized 0 plugins
[11:36:19] [Paper Plugin Remapper Thread - 1/INFO]: [ReobfServer] Remapping server...
[11:36:30] [ServerMain/INFO]: Environment: Environment[sessionHost=https://sessionserver.mojang.com, servicesHost=https://api.minecraftservices.com, name=PROD]
[11:36:31] [ServerMain/INFO]: Found new data pack file/bukkit, loading it automatically
[11:36:31] [ServerMain/INFO]: Found new data pack paper, loading it automatically
[11:36:33] [ServerMain/INFO]: No existing world data, creating new world
[11:36:35] [ServerMain/INFO]: Loaded 1290 recipes
[11:36:35] [Paper Plugin Remapper Thread - 1/INFO]: [ReobfServer] Done remapping server in 15677ms.
[11:36:35] [ServerMain/INFO]: Loaded 1399 advancements
[11:36:36] [Server thread/INFO]: Starting minecraft server version 1.21
[11:36:36] [Server thread/INFO]: Loading properties
[11:36:36] [Server thread/INFO]: This server is running Paper version 1.21-130-master@b1b5d4c (2024-08-10T10:02:42Z) (Implementing API version 1.21-R0.1-SNAPSHOT)
[11:36:37] [Server thread/INFO]: [spark] This server bundles the spark profiler. For more information please visit https://docs.papermc.io/paper/profiling
[11:36:37] [Server thread/INFO]: Server Ping Player Sample Count: 12
[11:36:37] [Server thread/INFO]: Using 4 threads for Netty based IO
[11:36:38] [Server thread/INFO]: [ChunkTaskScheduler] Chunk system is using 1 I/O threads, 1 worker threads, and population gen parallelism of 1 threads
[11:36:38] [Server thread/INFO]: Default game type: SURVIVAL
[11:36:38] [Server thread/INFO]: Generating keypair
[11:36:38] [Server thread/INFO]: Starting Minecraft server on *:25565
[11:36:39] [Server thread/INFO]: Using epoll channel type
[11:36:39] [Server thread/INFO]: Paper: Using libdeflate (Linux x86_64) compression from Velocity.
[11:36:39] [Server thread/INFO]: Paper: Using OpenSSL 1.1.x (Linux x86_64) cipher from Velocity.
[11:36:39] [Server thread/WARN]: **** SERVER IS RUNNING IN OFFLINE/INSECURE MODE!
[11:36:39] [Server thread/WARN]: The server will make no attempt to authenticate usernames. Beware.
[11:36:39] [Server thread/WARN]: While this makes the game possible to play without internet access, it also opens up the ability for hackers to connect with any username they choose.
[11:36:39] [Server thread/WARN]: To change this, set "online-mode" to "true" in the server.properties file.
[11:36:39] [Server thread/INFO]: Preparing level "world"
[11:36:55] [Server thread/INFO]: Preparing start region for dimension minecraft:overworld
[11:37:04] [Server thread/INFO]: Time elapsed: 9183 ms
[11:37:04] [Server thread/INFO]: Preparing start region for dimension minecraft:the_nether
[11:37:07] [Server thread/INFO]: Time elapsed: 3061 ms
[11:37:07] [Server thread/INFO]: Preparing start region for dimension minecraft:the_end
[11:37:08] [Server thread/INFO]: Time elapsed: 791 ms
[11:37:08] [Server thread/INFO]: [spark] Starting background profiler...
[11:37:09] [Server thread/INFO]: Done preparing level "world" (29.961s)
[11:37:09] [Server thread/INFO]: Running delayed init tasks
[11:37:09] [Server thread/INFO]: Done (51.821s)! For help, type "help"
[11:37:09] [Server thread/INFO]: *************************************************************************************
[11:37:09] [Server thread/INFO]: This is the first time you're starting this server.
[11:37:09] [Server thread/INFO]: It's recommended you read our 'Getting Started' documentation for guidance.
[11:37:09] [Server thread/INFO]: View this and more helpful information here: https://docs.papermc.io/paper/next-steps
[11:37:09] [Server thread/INFO]: *************************************************************************************
[11:37:09] [Server thread/INFO]: Timings Reset
[11:37:09] [Server thread/INFO]: Unknown or incomplete command, see below for error
/home/codespace/.python/current/bin/python3 /workspaces/Server/msx.py<--[HERE]
[11:38:34] [User Authenticator #0/INFO]: UUID of player swafro is aac1f359-6a36-32bd-9cfa-196074a05855
[11:38:36] [Server thread/INFO]: swafro joined the game
[11:38:36] [Server thread/INFO]: swafro[/127.201.228.127:54339] logged in with entity id 64 at ([world]-2.5, 68.0, 28.5)
[11:38:42] [Server thread/INFO]: swafro issued server command: /msg
[11:38:46] [Server thread/INFO]: swafro issued server command: /pl
[11:39:55] [Server thread/INFO]: Made swafro a server operator
[11:39:59] [Server thread/INFO]: swafro issued server command: /reload confirm
[11:39:59] [Server thread/INFO]: swafro: Please note that this command is not supported and may cause issues when using some plugins.
[11:39:59] [Server thread/INFO]: swafro: If you encounter any issues please use the /stop command to restart your server.
[11:39:59] [Server thread/INFO]: Server Ping Player Sample Count: 12
[11:39:59] [Server thread/INFO]: Using 4 threads for Netty based IO
[11:40:00] [Server thread/INFO]: Loaded 1290 recipes
[11:40:00] [Server thread/INFO]: Loaded 1399 advancements
[11:40:01] [Server thread/INFO]: [PluginInitializerManager] Initializing plugins...
[11:40:01] [Paper Async Command Builder Thread Pool - 1/ERROR]: Caught previously unhandled exception :
[11:40:01] [Paper Async Command Builder Thread Pool - 1/ERROR]: Paper Async Command Builder Thread Pool - 1
java.util.ConcurrentModificationException: null
	at java.base/java.util.LinkedHashMap$LinkedHashIterator.nextNode(LinkedHashMap.java:1023) ~[?:?]
	at java.base/java.util.LinkedHashMap$LinkedValueIterator.next(LinkedHashMap.java:1052) ~[?:?]
	at net.minecraft.commands.Commands.fillUsableCommands(Commands.java:537) ~[paper-1.21.jar:1.21-130-b1b5d4c]
	at net.minecraft.commands.Commands.sendAsync(Commands.java:496) ~[paper-1.21.jar:1.21-130-b1b5d4c]
	at net.minecraft.commands.Commands.lambda$sendCommands$6(Commands.java:475) ~[paper-1.21.jar:1.21-130-b1b5d4c]
	at java.base/java.util.concurrent.ThreadPoolExecutor.runWorker(ThreadPoolExecutor.java:1144) ~[?:?]
	at java.base/java.util.concurrent.ThreadPoolExecutor$Worker.run(ThreadPoolExecutor.java:642) ~[?:?]
	at java.base/java.lang.Thread.run(Thread.java:1583) ~[?:?]
[11:40:01] [Paper Plugin Remapper Thread - 2/INFO]: [PluginRemapper] Remapping plugin 'plugins/BetterRTP.jar'...
[11:40:01] [Paper Plugin Remapper Thread - 3/INFO]: [PluginRemapper] Remapping plugin 'plugins/LPC-3.6.1.jar'...
[11:40:01] [Paper Plugin Remapper Thread - 1/INFO]: [PluginRemapper] Remapping plugin 'plugins/DecentHolograms.jar'...
[11:40:01] [Paper Plugin Remapper Thread - 0/INFO]: [PluginRemapper] Remapping plugin 'plugins/WorldEdit.jar'...
[11:40:01] [Paper Plugin Remapper Thread - 3/INFO]: [PluginRemapper] Done remapping plugin 'plugins/LPC-3.6.1.jar' in 444ms.
[11:40:01] [Paper Plugin Remapper Thread - 3/INFO]: [PluginRemapper] Remapping plugin 'plugins/WorldGuard.jar'...
[11:40:02] [Paper Plugin Remapper Thread - 2/INFO]: [PluginRemapper] Done remapping plugin 'plugins/BetterRTP.jar' in 1041ms.
[11:40:02] [Paper Plugin Remapper Thread - 2/INFO]: [PluginRemapper] Remapping plugin 'plugins/LPTabListV2-1.0-SNAPSHOT.jar'...
[11:40:02] [Paper Plugin Remapper Thread - 2/INFO]: [PluginRemapper] Done remapping plugin 'plugins/LPTabListV2-1.0-SNAPSHOT.jar' in 150ms.
[11:40:02] [Paper Plugin Remapper Thread - 3/INFO]: [PluginRemapper] Done remapping plugin 'plugins/WorldGuard.jar' in 1062ms.
[11:40:02] [Paper Plugin Remapper Thread - 1/INFO]: [PluginRemapper] Done remapping plugin 'plugins/DecentHolograms.jar' in 1493ms.
[11:40:04] [Paper Plugin Remapper Thread - 0/INFO]: [PluginRemapper] Done remapping plugin 'plugins/WorldEdit.jar' in 2778ms.
[11:40:04] [Server thread/INFO]: [PluginInitializerManager] Initialized 7 plugins
[11:40:04] [Server thread/INFO]: [PluginInitializerManager] Bukkit plugins (7):
 - BetterRTP (3.6.13), DecentHolograms (2.8.15), LPC (3.6.1), LPTabListV2 (1.0-SNAPSHOT), LuckPerms (5.4.157), WorldEdit (7.3.11+7055-8357a12), WorldGuard (7.0.13+82fdc65)
[11:40:04] [Server thread/ERROR]: [ModernPluginLoadingStrategy] Could not load plugin 'WorldEdit.jar' in folder 'plugins/.paper-remapped'
org.bukkit.plugin.InvalidPluginException: Unsupported API version 1.21.3
	at org.bukkit.craftbukkit.util.CraftMagicNumbers.checkSupported(CraftMagicNumbers.java:369) ~[paper-1.21.jar:1.21-130-b1b5d4c]
	at io.papermc.paper.plugin.provider.type.spigot.SpigotPluginProvider.createInstance(SpigotPluginProvider.java:121) ~[paper-1.21.jar:1.21-130-b1b5d4c]
	at io.papermc.paper.plugin.provider.type.spigot.SpigotPluginProvider.createInstance(SpigotPluginProvider.java:35) ~[paper-1.21.jar:1.21-130-b1b5d4c]
	at io.papermc.paper.plugin.entrypoint.strategy.modern.ModernPluginLoadingStrategy.loadProviders(ModernPluginLoadingStrategy.java:116) ~[paper-1.21.jar:1.21-130-b1b5d4c]
	at io.papermc.paper.plugin.storage.SimpleProviderStorage.enter(SimpleProviderStorage.java:38) ~[paper-1.21.jar:1.21-130-b1b5d4c]
	at io.papermc.paper.plugin.entrypoint.LaunchEntryPointHandler.enter(LaunchEntryPointHandler.java:40) ~[paper-1.21.jar:1.21-130-b1b5d4c]
	at org.bukkit.craftbukkit.CraftServer.loadPlugins(CraftServer.java:546) ~[paper-1.21.jar:1.21-130-b1b5d4c]
	at org.bukkit.craftbukkit.CraftServer.reload(CraftServer.java:1130) ~[paper-1.21.jar:1.21-130-b1b5d4c]
	at org.bukkit.Bukkit.reload(Bukkit.java:1027) ~[paper-api-1.21-R0.1-SNAPSHOT.jar:?]
	at org.bukkit.command.defaults.ReloadCommand.execute(ReloadCommand.java:59) ~[paper-api-1.21-R0.1-SNAPSHOT.jar:?]
	at io.papermc.paper.command.brigadier.bukkit.BukkitCommandNode$BukkitBrigCommand.run(BukkitCommandNode.java:91) ~[paper-1.21.jar:1.21-130-b1b5d4c]
	at com.mojang.brigadier.context.ContextChain.runExecutable(ContextChain.java:73) ~[brigadier-1.2.9.jar:?]
	at net.minecraft.commands.execution.tasks.ExecuteCommand.execute(ExecuteCommand.java:31) ~[paper-1.21.jar:1.21-130-b1b5d4c]
	at net.minecraft.commands.execution.tasks.ExecuteCommand.execute(ExecuteCommand.java:19) ~[paper-1.21.jar:1.21-130-b1b5d4c]
	at net.minecraft.commands.execution.UnboundEntryAction.lambda$bind$0(UnboundEntryAction.java:8) ~[paper-1.21.jar:1.21-130-b1b5d4c]
	at net.minecraft.commands.execution.CommandQueueEntry.execute(CommandQueueEntry.java:5) ~[paper-1.21.jar:1.21-130-b1b5d4c]
	at net.minecraft.commands.execution.ExecutionContext.runCommandQueue(ExecutionContext.java:103) ~[paper-1.21.jar:1.21-130-b1b5d4c]
	at net.minecraft.commands.Commands.executeCommandInContext(Commands.java:443) ~[paper-1.21.jar:1.21-130-b1b5d4c]
	at net.minecraft.commands.Commands.performCommand(Commands.java:350) ~[paper-1.21.jar:1.21-130-b1b5d4c]
	at net.minecraft.commands.Commands.performCommand(Commands.java:337) ~[paper-1.21.jar:1.21-130-b1b5d4c]
	at net.minecraft.commands.Commands.performCommand(Commands.java:332) ~[paper-1.21.jar:1.21-130-b1b5d4c]
	at net.minecraft.server.network.ServerGamePacketListenerImpl.performUnsignedChatCommand(ServerGamePacketListenerImpl.java:2147) ~[paper-1.21.jar:1.21-130-b1b5d4c]
	at net.minecraft.server.network.ServerGamePacketListenerImpl.lambda$handleChatCommand$11(ServerGamePacketListenerImpl.java:2121) ~[paper-1.21.jar:1.21-130-b1b5d4c]
	at net.minecraft.server.TickTask.run(TickTask.java:18) ~[paper-1.21.jar:1.21-130-b1b5d4c]
	at net.minecraft.util.thread.BlockableEventLoop.doRunTask(BlockableEventLoop.java:151) ~[paper-1.21.jar:1.21-130-b1b5d4c]
	at net.minecraft.util.thread.ReentrantBlockableEventLoop.doRunTask(ReentrantBlockableEventLoop.java:24) ~[paper-1.21.jar:1.21-130-b1b5d4c]
	at net.minecraft.server.MinecraftServer.doRunTask(MinecraftServer.java:1537) ~[paper-1.21.jar:1.21-130-b1b5d4c]
	at net.minecraft.server.MinecraftServer.doRunTask(MinecraftServer.java:201) ~[paper-1.21.jar:1.21-130-b1b5d4c]
	at net.minecraft.util.thread.BlockableEventLoop.pollTask(BlockableEventLoop.java:125) ~[paper-1.21.jar:1.21-130-b1b5d4c]
	at net.minecraft.server.MinecraftServer.pollTaskInternal(MinecraftServer.java:1514) ~[paper-1.21.jar:1.21-130-b1b5d4c]
	at net.minecraft.server.MinecraftServer.pollTask(MinecraftServer.java:1507) ~[paper-1.21.jar:1.21-130-b1b5d4c]
	at net.minecraft.util.thread.BlockableEventLoop.managedBlock(BlockableEventLoop.java:135) ~[paper-1.21.jar:1.21-130-b1b5d4c]
	at net.minecraft.server.MinecraftServer.managedBlock(MinecraftServer.java:1466) ~[paper-1.21.jar:1.21-130-b1b5d4c]
	at net.minecraft.server.MinecraftServer.waitUntilNextTick(MinecraftServer.java:1473) ~[paper-1.21.jar:1.21-130-b1b5d4c]
	at net.minecraft.server.MinecraftServer.runServer(MinecraftServer.java:1318) ~[paper-1.21.jar:1.21-130-b1b5d4c]
	at net.minecraft.server.MinecraftServer.lambda$spin$0(MinecraftServer.java:330) ~[paper-1.21.jar:1.21-130-b1b5d4c]
	at java.base/java.lang.Thread.run(Thread.java:1583) ~[?:?]
[11:40:04] [Server thread/ERROR]: [ModernPluginLoadingStrategy] Could not load plugin 'WorldGuard.jar' in folder 'plugins/.paper-remapped'
org.bukkit.plugin.InvalidPluginException: java.lang.NoClassDefFoundError: com/sk89q/minecraft/util/commands/CommandException
	at io.papermc.paper.plugin.provider.type.spigot.SpigotPluginProvider.createInstance(SpigotPluginProvider.java:129) ~[paper-1.21.jar:1.21-130-b1b5d4c]
	at io.papermc.paper.plugin.provider.type.spigot.SpigotPluginProvider.createInstance(SpigotPluginProvider.java:35) ~[paper-1.21.jar:1.21-130-b1b5d4c]
	at io.papermc.paper.plugin.entrypoint.strategy.modern.ModernPluginLoadingStrategy.loadProviders(ModernPluginLoadingStrategy.java:116) ~[paper-1.21.jar:1.21-130-b1b5d4c]
	at io.papermc.paper.plugin.storage.SimpleProviderStorage.enter(SimpleProviderStorage.java:38) ~[paper-1.21.jar:1.21-130-b1b5d4c]
	at io.papermc.paper.plugin.entrypoint.LaunchEntryPointHandler.enter(LaunchEntryPointHandler.java:40) ~[paper-1.21.jar:1.21-130-b1b5d4c]
	at org.bukkit.craftbukkit.CraftServer.loadPlugins(CraftServer.java:546) ~[paper-1.21.jar:1.21-130-b1b5d4c]
	at org.bukkit.craftbukkit.CraftServer.reload(CraftServer.java:1130) ~[paper-1.21.jar:1.21-130-b1b5d4c]
	at org.bukkit.Bukkit.reload(Bukkit.java:1027) ~[paper-api-1.21-R0.1-SNAPSHOT.jar:?]
	at org.bukkit.command.defaults.ReloadCommand.execute(ReloadCommand.java:59) ~[paper-api-1.21-R0.1-SNAPSHOT.jar:?]
	at io.papermc.paper.command.brigadier.bukkit.BukkitCommandNode$BukkitBrigCommand.run(BukkitCommandNode.java:91) ~[paper-1.21.jar:1.21-130-b1b5d4c]
	at com.mojang.brigadier.context.ContextChain.runExecutable(ContextChain.java:73) ~[brigadier-1.2.9.jar:?]
	at net.minecraft.commands.execution.tasks.ExecuteCommand.execute(ExecuteCommand.java:31) ~[paper-1.21.jar:1.21-130-b1b5d4c]
	at net.minecraft.commands.execution.tasks.ExecuteCommand.execute(ExecuteCommand.java:19) ~[paper-1.21.jar:1.21-130-b1b5d4c]
	at net.minecraft.commands.execution.UnboundEntryAction.lambda$bind$0(UnboundEntryAction.java:8) ~[paper-1.21.jar:1.21-130-b1b5d4c]
	at net.minecraft.commands.execution.CommandQueueEntry.execute(CommandQueueEntry.java:5) ~[paper-1.21.jar:1.21-130-b1b5d4c]
	at net.minecraft.commands.execution.ExecutionContext.runCommandQueue(ExecutionContext.java:103) ~[paper-1.21.jar:1.21-130-b1b5d4c]
	at net.minecraft.commands.Commands.executeCommandInContext(Commands.java:443) ~[paper-1.21.jar:1.21-130-b1b5d4c]
	at net.minecraft.commands.Commands.performCommand(Commands.java:350) ~[paper-1.21.jar:1.21-130-b1b5d4c]
	at net.minecraft.commands.Commands.performCommand(Commands.java:337) ~[paper-1.21.jar:1.21-130-b1b5d4c]
	at net.minecraft.commands.Commands.performCommand(Commands.java:332) ~[paper-1.21.jar:1.21-130-b1b5d4c]
	at net.minecraft.server.network.ServerGamePacketListenerImpl.performUnsignedChatCommand(ServerGamePacketListenerImpl.java:2147) ~[paper-1.21.jar:1.21-130-b1b5d4c]
	at net.minecraft.server.network.ServerGamePacketListenerImpl.lambda$handleChatCommand$11(ServerGamePacketListenerImpl.java:2121) ~[paper-1.21.jar:1.21-130-b1b5d4c]
	at net.minecraft.server.TickTask.run(TickTask.java:18) ~[paper-1.21.jar:1.21-130-b1b5d4c]
	at net.minecraft.util.thread.BlockableEventLoop.doRunTask(BlockableEventLoop.java:151) ~[paper-1.21.jar:1.21-130-b1b5d4c]
	at net.minecraft.util.thread.ReentrantBlockableEventLoop.doRunTask(ReentrantBlockableEventLoop.java:24) ~[paper-1.21.jar:1.21-130-b1b5d4c]
	at net.minecraft.server.MinecraftServer.doRunTask(MinecraftServer.java:1537) ~[paper-1.21.jar:1.21-130-b1b5d4c]
	at net.minecraft.server.MinecraftServer.doRunTask(MinecraftServer.java:201) ~[paper-1.21.jar:1.21-130-b1b5d4c]
	at net.minecraft.util.thread.BlockableEventLoop.pollTask(BlockableEventLoop.java:125) ~[paper-1.21.jar:1.21-130-b1b5d4c]
	at net.minecraft.server.MinecraftServer.pollTaskInternal(MinecraftServer.java:1514) ~[paper-1.21.jar:1.21-130-b1b5d4c]
	at net.minecraft.server.MinecraftServer.pollTask(MinecraftServer.java:1507) ~[paper-1.21.jar:1.21-130-b1b5d4c]
	at net.minecraft.util.thread.BlockableEventLoop.managedBlock(BlockableEventLoop.java:135) ~[paper-1.21.jar:1.21-130-b1b5d4c]
	at net.minecraft.server.MinecraftServer.managedBlock(MinecraftServer.java:1466) ~[paper-1.21.jar:1.21-130-b1b5d4c]
	at net.minecraft.server.MinecraftServer.waitUntilNextTick(MinecraftServer.java:1473) ~[paper-1.21.jar:1.21-130-b1b5d4c]
	at net.minecraft.server.MinecraftServer.runServer(MinecraftServer.java:1318) ~[paper-1.21.jar:1.21-130-b1b5d4c]
	at net.minecraft.server.MinecraftServer.lambda$spin$0(MinecraftServer.java:330) ~[paper-1.21.jar:1.21-130-b1b5d4c]
	at java.base/java.lang.Thread.run(Thread.java:1583) ~[?:?]
Caused by: java.lang.NoClassDefFoundError: com/sk89q/minecraft/util/commands/CommandException
	at java.base/java.lang.Class.forName0(Native Method) ~[?:?]
	at java.base/java.lang.Class.forName(Class.java:534) ~[?:?]
	at java.base/java.lang.Class.forName(Class.java:513) ~[?:?]
	at org.bukkit.plugin.java.PluginClassLoader.<init>(PluginClassLoader.java:78) ~[paper-api-1.21-R0.1-SNAPSHOT.jar:?]
	at io.papermc.paper.plugin.provider.type.spigot.SpigotPluginProvider.createInstance(SpigotPluginProvider.java:125) ~[paper-1.21.jar:1.21-130-b1b5d4c]
	... 35 more
Caused by: java.lang.ClassNotFoundException: com.sk89q.minecraft.util.commands.CommandException
	at org.bukkit.plugin.java.PluginClassLoader.loadClass0(PluginClassLoader.java:197) ~[paper-api-1.21-R0.1-SNAPSHOT.jar:?]
	at org.bukkit.plugin.java.PluginClassLoader.loadClass(PluginClassLoader.java:164) ~[paper-api-1.21-R0.1-SNAPSHOT.jar:?]
	at java.base/java.lang.ClassLoader.loadClass(ClassLoader.java:526) ~[?:?]
	at java.base/java.lang.Class.forName0(Native Method) ~[?:?]
	at java.base/java.lang.Class.forName(Class.java:534) ~[?:?]
	at java.base/java.lang.Class.forName(Class.java:513) ~[?:?]
	at org.bukkit.plugin.java.PluginClassLoader.<init>(PluginClassLoader.java:78) ~[paper-api-1.21-R0.1-SNAPSHOT.jar:?]
	at io.papermc.paper.plugin.provider.type.spigot.SpigotPluginProvider.createInstance(SpigotPluginProvider.java:125) ~[paper-1.21.jar:1.21-130-b1b5d4c]
	... 35 more
[11:40:05] [Server thread/INFO]: [LuckPerms] Loading server plugin LuckPerms v5.4.157
[11:40:09] [Server thread/INFO]: [LPTabListV2] Loading server plugin LPTabListV2 v1.0-SNAPSHOT
[11:40:09] [Server thread/INFO]: [DecentHolograms] Loading server plugin DecentHolograms v2.8.15
[11:40:09] [Server thread/INFO]: [LPC] Loading server plugin LPC v3.6.1
[11:40:09] [Server thread/INFO]: [BetterRTP] Loading server plugin BetterRTP v3.6.13
[11:40:09] [Server thread/INFO]: Server permissions file permissions.yml is empty, ignoring it
[11:40:09] [Server thread/INFO]: [LuckPerms] Enabling LuckPerms v5.4.157
[11:40:09] [Server thread/INFO]:         __    
[11:40:09] [Server thread/INFO]:   |    |__)   LuckPerms v5.4.157
[11:40:09] [Server thread/INFO]:   |___ |      Running on Bukkit - Paper
[11:40:09] [Server thread/INFO]: 
[11:40:09] [Server thread/INFO]: [LuckPerms] Loading configuration...
[11:40:09] [Server thread/INFO]: [LuckPerms] Loading storage provider... [H2]
[11:40:10] [Server thread/INFO]: [LuckPerms] Loading internal permission managers...
[11:40:10] [Server thread/INFO]: [LuckPerms] Performing initial data load...
[11:40:10] [Server thread/INFO]: [LuckPerms] Successfully enabled. (took 1821ms)
[11:40:10] [Server thread/INFO]: [LPTabListV2] Enabling LPTabListV2 v1.0-SNAPSHOT
[11:40:11] [Server thread/INFO]: [DecentHolograms] Enabling DecentHolograms v2.8.15
[11:40:12] [Server thread/INFO]: [NBTAPI] [NBTAPI] Found Minecraft: 1.21! Trying to find NMS support
[11:40:12] [Server thread/INFO]: [NBTAPI] [NBTAPI] NMS support 'MC1_21_R1' loaded!
[11:40:12] [Server thread/INFO]: [NBTAPI] [NBTAPI] Using the plugin 'DecentHolograms' to create a bStats instance!
[11:40:12] [Server thread/INFO]: [LPC] Enabling LPC v3.6.1
[11:40:12] [Server thread/INFO]: [BetterRTP] Enabling BetterRTP v3.6.13
[11:40:13] [Server thread/INFO]: [BetterRTP] Cooldown = 600
[11:40:13] [Server thread/INFO]: swafro: Reload complete.
[11:40:13] [Server thread/WARN]: Can't keep up! Is the server overloaded? Running 14271ms or 285 ticks behind
[11:40:13] [Server thread/INFO]: Timings Reset
[11:40:13] [Craft Scheduler Thread - 5 - DecentHolograms/INFO]: [DecentHolograms] Created directory plugins/DecentHolograms/holograms
[11:40:13] [Craft Scheduler Thread - 6 - DecentHolograms/INFO]: [DecentHolograms] Created directory plugins/DecentHolograms/animations
[11:40:14] [Craft Scheduler Thread - 7 - DecentHolograms/INFO]: 
A newer version of DecentHolograms is available. Download it from: 
- https://www.spigotmc.org/resources/96927/
- https://modrinth.com/plugin/decentholograms
[11:40:15] [Server thread/INFO]: swafro issued server command: /pl
[11:40:25] [Server thread/INFO]: swafro issued server command: /lp creategroup Founder
[11:40:25] [luckperms-command-executor/INFO]: [LP] LOG > (swafro) [G] (founder)
[11:40:25] [luckperms-command-executor/INFO]: [LP] LOG > create
[11:40:42] [Server thread/INFO]: swafro issued server command: /lp group founder meta setprefix '&c&lFouunder &r'
[11:40:42] [luckperms-command-executor/INFO]: [LP] LOG > (swafro) [G] (founder)
[11:40:42] [luckperms-command-executor/INFO]: [LP] LOG > meta setprefix 1 '&c&lFouunder server=&r'
[11:40:44] [Async Chat Thread - #1/INFO]: [Not Secure] swafro: t
[11:40:49] [Server thread/INFO]: swafro issued server command: /lp editor
[11:40:56] [Server thread/INFO]: swafro issued server command: /lp trusteditor e61b-0f51
[11:41:14] [luckperms-worker-5/INFO]: [LP] LOG > (swafro) [G] (founder)
[11:41:14] [luckperms-worker-5/INFO]: [LP] LOG > webeditor add prefix.1.&c&lFounder &r true server=&r'
[11:41:14] [luckperms-worker-5/INFO]: [LP] LOG > (swafro) [G] (founder)
[11:41:14] [luckperms-worker-5/INFO]: [LP] LOG > webeditor remove prefix.1.'&c&lFouunder true server=&r'
[11:41:25] [luckperms-worker-5/INFO]: [LP] LOG > (swafro) [U] (swafro)
[11:41:25] [luckperms-worker-5/INFO]: [LP] LOG > webeditor add group.founder true
[11:41:25] [luckperms-worker-5/INFO]: [LP] LOG > (swafro) [U] (swafro)
[11:41:25] [luckperms-worker-5/INFO]: [LP] LOG > webeditor remove group.default true
[11:41:27] [Async Chat Thread - #0/INFO]: [Not Secure] swafro: tt
[11:41:52] [luckperms-worker-5/INFO]: [LP] LOG > (swafro) [G] (founder)
[11:41:52] [luckperms-worker-5/INFO]: [LP] LOG > webeditor add displayname.Founder true
[11:41:52] [luckperms-worker-5/INFO]: [LP] LOG > (swafro) [G] (founder)
[11:41:52] [luckperms-worker-5/INFO]: [LP] LOG > webeditor add prefix.0.&c&lFounder &r true
[11:41:52] [luckperms-worker-5/INFO]: [LP] LOG > (swafro) [G] (founder)
[11:41:52] [luckperms-worker-5/INFO]: [LP] LOG > webeditor remove prefix.1.&c&lFounder &r true server=&r'
[11:41:57] [Async Chat Thread - #0/INFO]: [Not Secure] Founder swafro: tt
[11:42:02] [Server thread/INFO]: swafro issued server command: /gamemode creative
[11:42:02] [Server thread/INFO]: [swafro: Set own game mode to Creative Mode]
[11:42:15] [Server thread/INFO]: swafro issued server command: /tp @e swafro
[11:42:15] [Server thread/INFO]: [swafro: Teleported 300 entities to swafro]
[11:42:30] [Server thread/INFO]: swafro has made the advancement [Monster Hunter]
[11:42:57] [Async Chat Thread - #2/INFO]: [Not Secure] Founder swafro: tt
[11:44:34] [Server thread/INFO]: LPC has been reloaded.
[11:44:36] [Async Chat Thread - #4/INFO]: [Not Secure] Founder swafro» tt
[11:44:48] [Server thread/INFO]: LPC has been reloaded.
[11:44:50] [Async Chat Thread - #4/INFO]: [Not Secure] Founder swafro » tt
